<?xml version="1.0" encoding="UTF-8"?>
<!-- Generated by org.testng.reporters.JUnitXMLReporter -->
<testsuite ignored="0" hostname="LAPTOP-P05SA00D" failures="1" tests="15" name="Test" time="167.015" errors="0" timestamp="2023-08-08T17:12:30 PDT">
  <testcase classname="com.tutorialsninjamentoring.FlipKartttt" name="flipkartECommerce" time="11.77"/>
  <testcase classname="com.tutorialsninjamentoring.TryTestingThisTest" name="openUrl" time="3.438"/>
  <testcase classname="com.tutorialsninjamentoring.TutorialsLoginT" name="setUp" time="11.11"/>
  <testcase classname="com.tutorialsninjamentoring.TutorialsLoginT" name="setUp" time="10.984"/>
  <testcase classname="com.tutorialsninjamentoring.TutorialsLoginT" name="setUp" time="9.337"/>
  <testcase classname="com.tutorialsninjamentoring.TutorialsLoginT" name="setUp" time="9.344"/>
  <testcase classname="com.tutorialsninjamentoring.TutorialsLoginT" name="setUp" time="8.558"/>
  <testcase classname="com.tutorialsninjamentoring.TutorialsLoginT" name="setUp" time="8.635"/>
  <testcase classname="com.tutorialsninjamentoring.TutorialsLoginT" name="setUp" time="8.655"/>
  <testcase classname="com.tutorialsninjamentoring.TutorialsLoginT" name="setUp" time="8.212"/>
  <testcase classname="com.tutorialsninjamentoring.TutorialsLoginT" name="setUp" time="8.025"/>
  <testcase classname="com.tutorialsninjamentoring.TutorialsLoginT" name="setUp" time="8.049"/>
  <testcase classname="com.tutorialsninjamentoring.TutorialsLoginT" name="setUp" time="21.976">
    <failure type="org.openqa.selenium.NoSuchElementException" message="Unable to locate element: //label[@class= &amp;apos;control-label&amp;apos;][text()= &amp;apos;E-Mail Address&amp;apos;]/following-sibling::input[1]
For documentation on this error, please visit: https://selenium.dev/exceptions/#no_such_element
Build info: version: &amp;apos;4.9.1&amp;apos;, revision: &amp;apos;eb2032df7f&amp;apos;
System info: os.name: &amp;apos;Windows 11&amp;apos;, os.arch: &amp;apos;amd64&amp;apos;, os.version: &amp;apos;10.0&amp;apos;, java.version: &amp;apos;17.0.5&amp;apos;
Driver info: org.openqa.selenium.firefox.FirefoxDriver
Command: [750018c1-82dd-4f7f-802e-145a8d6926b3, findElement {using=xpath, value=//label[@class= &amp;apos;control-label&amp;apos;][text()= &amp;apos;E-Mail Address&amp;apos;]/following-sibling::input[1]}]
Capabilities {acceptInsecureCerts: true, browserName: firefox, browserVersion: 116.0.2, moz:accessibilityChecks: false, moz:buildID: 20230805021307, moz:debuggerAddress: 127.0.0.1:40307, moz:geckodriverVersion: 0.33.0, moz:headless: false, moz:platformVersion: 10.0, moz:processID: 76540, moz:profile: C:\Users\sarak\AppData\Loca..., moz:shutdownTimeout: 60000, moz:webdriverClick: true, moz:windowless: false, pageLoadStrategy: normal, platformName: windows, proxy: Proxy(), se:cdp: ws://127.0.0.1:40307/devtoo..., se:cdpVersion: 85.0, setWindowRect: true, strictFileInteractability: false, timeouts: {implicit: 0, pageLoad: 300000, script: 30000}, unhandledPromptBehavior: dismiss and notify}
Session ID: 750018c1-82dd-4f7f-802e-145a8d6926b3">
      <![CDATA[org.openqa.selenium.NoSuchElementException: Unable to locate element: //label[@class= 'control-label'][text()= 'E-Mail Address']/following-sibling::input[1]
For documentation on this error, please visit: https://selenium.dev/exceptions/#no_such_element
Build info: version: '4.9.1', revision: 'eb2032df7f'
System info: os.name: 'Windows 11', os.arch: 'amd64', os.version: '10.0', java.version: '17.0.5'
Driver info: org.openqa.selenium.firefox.FirefoxDriver
Command: [750018c1-82dd-4f7f-802e-145a8d6926b3, findElement {using=xpath, value=//label[@class= 'control-label'][text()= 'E-Mail Address']/following-sibling::input[1]}]
Capabilities {acceptInsecureCerts: true, browserName: firefox, browserVersion: 116.0.2, moz:accessibilityChecks: false, moz:buildID: 20230805021307, moz:debuggerAddress: 127.0.0.1:40307, moz:geckodriverVersion: 0.33.0, moz:headless: false, moz:platformVersion: 10.0, moz:processID: 76540, moz:profile: C:\Users\sarak\AppData\Loca..., moz:shutdownTimeout: 60000, moz:webdriverClick: true, moz:windowless: false, pageLoadStrategy: normal, platformName: windows, proxy: Proxy(), se:cdp: ws://127.0.0.1:40307/devtoo..., se:cdpVersion: 85.0, setWindowRect: true, strictFileInteractability: false, timeouts: {implicit: 0, pageLoad: 300000, script: 30000}, unhandledPromptBehavior: dismiss and notify}
Session ID: 750018c1-82dd-4f7f-802e-145a8d6926b3
at org.openqa.selenium.remote.codec.w3c.W3CHttpResponseCodec.createException(W3CHttpResponseCodec.java:200)
at org.openqa.selenium.remote.codec.w3c.W3CHttpResponseCodec.decode(W3CHttpResponseCodec.java:133)
at org.openqa.selenium.remote.codec.w3c.W3CHttpResponseCodec.decode(W3CHttpResponseCodec.java:53)
at org.openqa.selenium.remote.HttpCommandExecutor.execute(HttpCommandExecutor.java:193)
at org.openqa.selenium.remote.service.DriverCommandExecutor.invokeExecute(DriverCommandExecutor.java:183)
at org.openqa.selenium.remote.service.DriverCommandExecutor.execute(DriverCommandExecutor.java:158)
at org.openqa.selenium.remote.RemoteWebDriver.execute(RemoteWebDriver.java:543)
at org.openqa.selenium.remote.ElementLocation$ElementFinder$2.findElement(ElementLocation.java:162)
at org.openqa.selenium.remote.ElementLocation.findElement(ElementLocation.java:60)
at org.openqa.selenium.remote.RemoteWebDriver.findElement(RemoteWebDriver.java:352)
at org.openqa.selenium.remote.RemoteWebDriver.findElement(RemoteWebDriver.java:344)
at com.tutorialsninjamentoring.TutorialsLoginT.setUp(TutorialsLoginT.java:30)
at java.base/java.util.ArrayList.forEach(ArrayList.java:1511)
... Removed 32 stack frames]]>
    </failure>
  </testcase> <!-- setUp -->
  <testcase classname="com.tutorialsninjamentoring.TutorialsLoginT" name="setUp" time="7.461"/>
  <testcase classname="com.tutorialsninjamentoring.TuorialsNinjaSearchTest" name="searchValidProduct" time="13.926"/>
</testsuite> <!-- Test -->
